<?xml version="1.0" encoding="UTF-8"?>
<robot generator="Robot 7.3.2 (Python 3.14.0 on win32)" generated="2025-11-12T18:26:50.511914" rpa="false" schemaversion="5">
<suite id="s1" name="Tests" source="C:\Users\OMISTAJA\webcounter\webcounter\src\tests">
<suite id="s1-s1" name="Increment" source="C:\Users\OMISTAJA\webcounter\webcounter\src\tests\increment.robot">
<kw name="Open And Configure Browser" owner="resource" type="SETUP">
<kw name="Set Selenium Speed" owner="SeleniumLibrary">
<arg>${DELAY}</arg>
<doc>Sets the delay that is waited after each Selenium command.</doc>
<status status="PASS" start="2025-11-12T18:26:50.748856" elapsed="0.000471"/>
</kw>
<kw name="Open Browser" owner="SeleniumLibrary">
<msg time="2025-11-12T18:26:50.749799" level="INFO">Opening browser 'chrome' to base url 'None'.</msg>
<arg>browser=${BROWSER}</arg>
<doc>Opens a new browser instance to the optional ``url``.</doc>
<status status="PASS" start="2025-11-12T18:26:50.749546" elapsed="1.277732"/>
</kw>
<status status="PASS" start="2025-11-12T18:26:50.748140" elapsed="1.279292"/>
</kw>
<test id="s1-s1-t1" name="At start the counter is zero" line="7">
<kw name="Go To" owner="SeleniumLibrary">
<msg time="2025-11-12T18:26:52.028406" level="INFO">Opening url 'http://localhost:5001'</msg>
<arg>${HOME_URL}</arg>
<doc>Navigates the current browser window to the provided ``url``.</doc>
<status status="PASS" start="2025-11-12T18:26:52.028107" elapsed="0.939310"/>
</kw>
<kw name="Title Should Be" owner="SeleniumLibrary">
<msg time="2025-11-12T18:26:53.476505" level="INFO">Page title is 'Laskuri'.</msg>
<arg>Laskuri</arg>
<doc>Verifies that the current page title equals ``title``.</doc>
<status status="PASS" start="2025-11-12T18:26:52.967916" elapsed="0.508936"/>
</kw>
<kw name="Page Should Contain" owner="SeleniumLibrary">
<msg time="2025-11-12T18:26:54.508208" level="INFO">Current page contains text 'nappia painettu 0 kertaa'.</msg>
<arg>nappia painettu 0 kertaa</arg>
<doc>Verifies that current page contains ``text``.</doc>
<status status="PASS" start="2025-11-12T18:26:53.477862" elapsed="1.030490"/>
</kw>
<status status="PASS" start="2025-11-12T18:26:52.027531" elapsed="2.481307"/>
</test>
<test id="s1-s1-t2" name="When button pressed twice the counter is two" line="12">
<kw name="Go To" owner="SeleniumLibrary">
<msg time="2025-11-12T18:26:54.510653" level="INFO">Opening url 'http://localhost:5001'</msg>
<arg>${HOME_URL}</arg>
<doc>Navigates the current browser window to the provided ``url``.</doc>
<status status="PASS" start="2025-11-12T18:26:54.510422" elapsed="0.545960"/>
</kw>
<kw name="Click Button" owner="SeleniumLibrary">
<msg time="2025-11-12T18:26:55.058079" level="INFO">Clicking button 'Paina'.</msg>
<arg>Paina</arg>
<doc>Clicks the button identified by ``locator``.</doc>
<status status="PASS" start="2025-11-12T18:26:55.057253" elapsed="2.484462"/>
</kw>
<kw name="Click Button" owner="SeleniumLibrary">
<msg time="2025-11-12T18:26:57.543772" level="INFO">Clicking button 'Paina'.</msg>
<arg>Paina</arg>
<doc>Clicks the button identified by ``locator``.</doc>
<status status="PASS" start="2025-11-12T18:26:57.542975" elapsed="2.425341"/>
</kw>
<kw name="Page Should Contain" owner="SeleniumLibrary">
<msg time="2025-11-12T18:27:01.002168" level="INFO">Current page contains text 'nappia painettu 2 kertaa'.</msg>
<arg>nappia painettu 2 kertaa</arg>
<doc>Verifies that current page contains ``text``.</doc>
<status status="PASS" start="2025-11-12T18:26:59.968901" elapsed="1.033620"/>
</kw>
<status status="PASS" start="2025-11-12T18:26:54.509789" elapsed="6.493862"/>
</test>
<kw name="Close Browser" owner="SeleniumLibrary" type="TEARDOWN">
<doc>Closes the current browser.</doc>
<status status="PASS" start="2025-11-12T18:27:01.006761" elapsed="2.660143"/>
</kw>
<status status="PASS" start="2025-11-12T18:26:50.544941" elapsed="13.122285"/>
</suite>
<suite id="s1-s2" name="Reset" source="C:\Users\OMISTAJA\webcounter\webcounter\src\tests\reset.robot">
<kw name="Open And Configure Browser" owner="resource" type="SETUP">
<kw name="Set Selenium Speed" owner="SeleniumLibrary">
<arg>${DELAY}</arg>
<doc>Sets the delay that is waited after each Selenium command.</doc>
<status status="PASS" start="2025-11-12T18:27:03.677791" elapsed="0.000276"/>
</kw>
<kw name="Open Browser" owner="SeleniumLibrary">
<msg time="2025-11-12T18:27:03.678453" level="INFO">Opening browser 'chrome' to base url 'None'.</msg>
<arg>browser=${BROWSER}</arg>
<doc>Opens a new browser instance to the optional ``url``.</doc>
<status status="PASS" start="2025-11-12T18:27:03.678230" elapsed="1.240304"/>
</kw>
<status status="PASS" start="2025-11-12T18:27:03.677545" elapsed="1.241296"/>
</kw>
<test id="s1-s2-t1" name="When counter has a nonzero value and it is reset the value becomes zero" line="7">
<kw name="Go To" owner="SeleniumLibrary">
<msg time="2025-11-12T18:27:04.921248" level="INFO">Opening url 'http://localhost:5001'</msg>
<arg>${HOME_URL}</arg>
<doc>Navigates the current browser window to the provided ``url``.</doc>
<status status="PASS" start="2025-11-12T18:27:04.920882" elapsed="0.862381"/>
</kw>
<kw name="Click Button" owner="SeleniumLibrary">
<msg time="2025-11-12T18:27:05.784093" level="INFO">Clicking button 'Nollaa'.</msg>
<arg>Nollaa</arg>
<doc>Clicks the button identified by ``locator``.</doc>
<status status="PASS" start="2025-11-12T18:27:05.783752" elapsed="2.480047"/>
</kw>
<kw name="Wait Until Page Contains" owner="SeleniumLibrary">
<arg>nappia painettu 0 kertaa</arg>
<doc>Waits until ``text`` appears on the current page.</doc>
<status status="PASS" start="2025-11-12T18:27:08.264405" elapsed="0.521555"/>
</kw>
<status status="PASS" start="2025-11-12T18:27:04.919209" elapsed="3.867332"/>
</test>
<kw name="Close Browser" owner="SeleniumLibrary" type="TEARDOWN">
<doc>Closes the current browser.</doc>
<status status="PASS" start="2025-11-12T18:27:08.788012" elapsed="2.612349"/>
</kw>
<status status="PASS" start="2025-11-12T18:27:03.671013" elapsed="7.729662"/>
</suite>
<status status="PASS" start="2025-11-12T18:26:50.513568" elapsed="20.890995"/>
</suite>
<statistics>
<total>
<stat pass="3" fail="0" skip="0">All Tests</stat>
</total>
<tag>
</tag>
<suite>
<stat name="Tests" id="s1" pass="3" fail="0" skip="0">Tests</stat>
<stat name="Increment" id="s1-s1" pass="2" fail="0" skip="0">Tests.Increment</stat>
<stat name="Reset" id="s1-s2" pass="1" fail="0" skip="0">Tests.Reset</stat>
</suite>
</statistics>
<errors>
</errors>
</robot>
